<?xml version="1.0" encoding="UTF-8"?>
<!-- Generated by org.testng.reporters.JUnitXMLReporter -->
<testsuite hostname="user-PC" ignored="0" name="Test3" tests="5" failures="0" timestamp="25 Mar 2018 19:57:15 GMT" time="87.06" errors="0">
  <testcase name="VerifyProfile" time="28.843" classname="com.NaukriTestCases.TestCase3"/>
  <testcase name="UpdateDomine" time="4.728" classname="com.NaukriTestCases.TestCase3"/>
  <testcase name="AutoComplete" time="13.794" classname="com.NaukriTestCases.TestCase3"/>
  <testcase name="UploadCV" time="28.017" classname="com.NaukriTestCases.TestCase3"/>
  <testcase name="LogOut" time="7.483" classname="com.NaukriTestCases.TestCase3"/>
</testsuite> <!-- Test3 -->
