<?xml version="1.0" encoding="UTF-8"?>
<!-- Generated by org.testng.reporters.JUnitXMLReporter -->
<testsuite hostname="user-PC" ignored="0" name="Test2" tests="5" failures="0" timestamp="25 Mar 2018 19:55:48 GMT" time="88.009" errors="0">
  <testcase name="VerifyProfile" time="29.333" classname="com.NaukriTestCases.TestCase2"/>
  <testcase name="UpdateDomine" time="3.393" classname="com.NaukriTestCases.TestCase2"/>
  <testcase name="AutoComplete" time="14.062" classname="com.NaukriTestCases.TestCase2"/>
  <testcase name="UploadCV" time="27.717" classname="com.NaukriTestCases.TestCase2"/>
  <testcase name="LogOut" time="9.274" classname="com.NaukriTestCases.TestCase2"/>
</testsuite> <!-- Test2 -->
