<?xml version="1.0" encoding="UTF-8"?>
<!-- Generated by org.testng.reporters.JUnitXMLReporter -->
<testsuite hostname="user-PC" ignored="0" name="Test5" tests="5" failures="0" timestamp="10 Mar 2018 16:40:19 GMT" time="0.0" errors="0">
  <testcase name="@BeforeSuite extent" time="0.05" classname="com.Library.SetUpUtils">
    <failure type="java.lang.NoClassDefFoundError" message="freemarker/template/TemplateModelException">
      <![CDATA[java.lang.NoClassDefFoundError: freemarker/template/TemplateModelExceptionat com.Library.SetUpUtils.extent(SetUpUtils.java:58)Caused by: java.lang.ClassNotFoundException: freemarker.template.TemplateModelExceptionat java.net.URLClassLoader.findClass(Unknown Source)at java.lang.ClassLoader.loadClass(Unknown Source)at sun.misc.Launcher$AppClassLoader.loadClass(Unknown Source)at java.lang.ClassLoader.loadClass(Unknown Source)... 24 more... Removed 23 stack frames]]>
    </failure>
  </testcase> <!-- @BeforeSuite extent -->
  <testcase name="@BeforeClass setUp" time="0.0" classname="com.Library.SetUpUtils">
    <skipped/>
  </testcase> <!-- @BeforeClass setUp -->
  <testcase name="@BeforeMethod registerthemethods" time="0.0" classname="com.Library.SetUpUtils">
    <skipped/>
  </testcase> <!-- @BeforeMethod registerthemethods -->
  <testcase name="@AfterMethod CaptureStatus" time="0.0" classname="com.Library.SetUpUtils">
    <skipped/>
  </testcase> <!-- @AfterMethod CaptureStatus -->
  <testcase name="@BeforeMethod registerthemethods" time="0.0" classname="com.Library.SetUpUtils">
    <skipped/>
  </testcase> <!-- @BeforeMethod registerthemethods -->
  <testcase name="@AfterMethod CaptureStatus" time="0.0" classname="com.Library.SetUpUtils">
    <skipped/>
  </testcase> <!-- @AfterMethod CaptureStatus -->
  <testcase name="@BeforeMethod registerthemethods" time="0.0" classname="com.Library.SetUpUtils">
    <skipped/>
  </testcase> <!-- @BeforeMethod registerthemethods -->
  <testcase name="@AfterMethod CaptureStatus" time="0.0" classname="com.Library.SetUpUtils">
    <skipped/>
  </testcase> <!-- @AfterMethod CaptureStatus -->
  <testcase name="@BeforeMethod registerthemethods" time="0.0" classname="com.Library.SetUpUtils">
    <skipped/>
  </testcase> <!-- @BeforeMethod registerthemethods -->
  <testcase name="@AfterMethod CaptureStatus" time="0.0" classname="com.Library.SetUpUtils">
    <skipped/>
  </testcase> <!-- @AfterMethod CaptureStatus -->
  <testcase name="@BeforeMethod registerthemethods" time="0.0" classname="com.Library.SetUpUtils">
    <skipped/>
  </testcase> <!-- @BeforeMethod registerthemethods -->
  <testcase name="@AfterMethod CaptureStatus" time="0.0" classname="com.Library.SetUpUtils">
    <skipped/>
  </testcase> <!-- @AfterMethod CaptureStatus -->
  <testcase name="@AfterClass teardown" time="0.0" classname="com.Library.SetUpUtils">
    <skipped/>
  </testcase> <!-- @AfterClass teardown -->
  <testcase name="VerifyProfile" time="0.0" classname="com.NaukriTestCases.TestCase5">
    <skipped/>
  </testcase> <!-- VerifyProfile -->
  <testcase name="UpdateDomine" time="0.0" classname="com.NaukriTestCases.TestCase5">
    <skipped/>
  </testcase> <!-- UpdateDomine -->
  <testcase name="AutoComplete" time="0.0" classname="com.NaukriTestCases.TestCase5">
    <skipped/>
  </testcase> <!-- AutoComplete -->
  <testcase name="UploadCV" time="0.0" classname="com.NaukriTestCases.TestCase5">
    <skipped/>
  </testcase> <!-- UploadCV -->
  <testcase name="LogOut" time="0.0" classname="com.NaukriTestCases.TestCase5">
    <skipped/>
  </testcase> <!-- LogOut -->
</testsuite> <!-- Test5 -->
