<?xml version="1.0" encoding="UTF-8"?>
<testsuite name="TestSuite" time="0.524" tests="87" errors="0" skipped="86" failures="1">
  <properties>
[...]
</properties>
  <testcase name="extent" classname="com.NaukriTestCases.TestCase5" time="0.524">
    <failure message="freemarker/template/TemplateModelException" type="java.lang.NoClassDefFoundError">java.lang.NoClassDefFoundError: freemarker/template/TemplateModelException
	at com.Library.SetUpUtils.extent(SetUpUtils.java:58)
	at sun.reflect.NativeMethodAccessorImpl.invoke0(Native Method)
	at sun.reflect.NativeMethodAccessorImpl.invoke(Unknown Source)
	at sun.reflect.DelegatingMethodAccessorImpl.invoke(Unknown Source)
	at java.lang.reflect.Method.invoke(Unknown Source)
	at org.testng.internal.MethodInvocationHelper.invokeMethod(MethodInvocationHelper.java:124)
	at org.testng.internal.MethodInvocationHelper.invokeMethodConsideringTimeout(MethodInvocationHelper.java:59)
	at org.testng.internal.Invoker.invokeConfigurationMethod(Invoker.java:451)
	at org.testng.internal.Invoker.invokeConfigurations(Invoker.java:222)
	at org.testng.internal.Invoker.invokeConfigurations(Invoker.java:142)
	at org.testng.SuiteRunner.privateRun(SuiteRunner.java:401)
	at org.testng.SuiteRunner.run(SuiteRunner.java:364)
	at org.testng.SuiteRunnerWorker.runSuite(SuiteRunnerWorker.java:52)
	at org.testng.SuiteRunnerWorker.run(SuiteRunnerWorker.java:84)
	at org.testng.TestNG.runSuitesSequentially(TestNG.java:1187)
	at org.testng.TestNG.runSuitesLocally(TestNG.java:1116)
	at org.testng.TestNG.runSuites(TestNG.java:1028)
	at org.testng.TestNG.run(TestNG.java:996)
	at org.apache.maven.surefire.testng.TestNGExecutor.run(TestNGExecutor.java:293)
	at org.apache.maven.surefire.testng.TestNGXmlTestSuite.execute(TestNGXmlTestSuite.java:84)
	at org.apache.maven.surefire.testng.TestNGProvider.invoke(TestNGProvider.java:91)
	at org.apache.maven.surefire.booter.ForkedBooter.invokeProviderInSameClassLoader(ForkedBooter.java:200)
	at org.apache.maven.surefire.booter.ForkedBooter.runSuitesInProcess(ForkedBooter.java:153)
	at org.apache.maven.surefire.booter.ForkedBooter.main(ForkedBooter.java:103)
Caused by: java.lang.ClassNotFoundException: freemarker.template.TemplateModelException
	at java.net.URLClassLoader.findClass(Unknown Source)
	at java.lang.ClassLoader.loadClass(Unknown Source)
	at sun.misc.Launcher$AppClassLoader.loadClass(Unknown Source)
	at java.lang.ClassLoader.loadClass(Unknown Source)
	at com.Library.SetUpUtils.extent(SetUpUtils.java:58)
	at sun.reflect.NativeMethodAccessorImpl.invoke0(Native Method)
	at sun.reflect.NativeMethodAccessorImpl.invoke(Unknown Source)
	at sun.reflect.DelegatingMethodAccessorImpl.invoke(Unknown Source)
	at java.lang.reflect.Method.invoke(Unknown Source)
	at org.testng.internal.MethodInvocationHelper.invokeMethod(MethodInvocationHelper.java:124)
	at org.testng.internal.MethodInvocationHelper.invokeMethodConsideringTimeout(MethodInvocationHelper.java:59)
	at org.testng.internal.Invoker.invokeConfigurationMethod(Invoker.java:451)
	at org.testng.internal.Invoker.invokeConfigurations(Invoker.java:222)
	at org.testng.internal.Invoker.invokeConfigurations(Invoker.java:142)
	at org.testng.SuiteRunner.privateRun(SuiteRunner.java:401)
	at org.testng.SuiteRunner.run(SuiteRunner.java:364)
	at org.testng.SuiteRunnerWorker.runSuite(SuiteRunnerWorker.java:52)
	at org.testng.SuiteRunnerWorker.run(SuiteRunnerWorker.java:84)
	at org.testng.TestNG.runSuitesSequentially(TestNG.java:1187)
	at org.testng.TestNG.runSuitesLocally(TestNG.java:1116)
	at org.testng.TestNG.runSuites(TestNG.java:1028)
	at org.testng.TestNG.run(TestNG.java:996)
	at org.apache.maven.surefire.testng.TestNGExecutor.run(TestNGExecutor.java:293)
	at org.apache.maven.surefire.testng.TestNGXmlTestSuite.execute(TestNGXmlTestSuite.java:84)
	at org.apache.maven.surefire.testng.TestNGProvider.invoke(TestNGProvider.java:91)
	at org.apache.maven.surefire.booter.ForkedBooter.invokeProviderInSameClassLoader(ForkedBooter.java:200)
	at org.apache.maven.surefire.booter.ForkedBooter.runSuitesInProcess(ForkedBooter.java:153)
	at org.apache.maven.surefire.booter.ForkedBooter.main(ForkedBooter.java:103)
</failure>
  </testcase>
  <testcase name="setUp" classname="com.NaukriTestCases.TestCase1" time="0">
    <skipped/>
  </testcase>
  <testcase name="registerthemethods" classname="com.NaukriTestCases.TestCase1" time="0">
    <skipped/>
  </testcase>
  <testcase name="VerifyProfile" classname="com.NaukriTestCases.TestCase1" time="0">
    <skipped/>
  </testcase>
  <testcase name="CaptureStatus" classname="com.NaukriTestCases.TestCase1" time="0">
    <skipped/>
  </testcase>
  <testcase name="registerthemethods" classname="com.NaukriTestCases.TestCase1" time="0">
    <skipped/>
  </testcase>
  <testcase name="UpdateDomine" classname="com.NaukriTestCases.TestCase1" time="0">
    <skipped/>
  </testcase>
  <testcase name="CaptureStatus" classname="com.NaukriTestCases.TestCase1" time="0">
    <skipped/>
  </testcase>
  <testcase name="registerthemethods" classname="com.NaukriTestCases.TestCase1" time="0">
    <skipped/>
  </testcase>
  <testcase name="AutoComplete" classname="com.NaukriTestCases.TestCase1" time="0">
    <skipped/>
  </testcase>
  <testcase name="CaptureStatus" classname="com.NaukriTestCases.TestCase1" time="0">
    <skipped/>
  </testcase>
  <testcase name="registerthemethods" classname="com.NaukriTestCases.TestCase1" time="0">
    <skipped/>
  </testcase>
  <testcase name="UploadCV" classname="com.NaukriTestCases.TestCase1" time="0">
    <skipped/>
  </testcase>
  <testcase name="CaptureStatus" classname="com.NaukriTestCases.TestCase1" time="0">
    <skipped/>
  </testcase>
  <testcase name="registerthemethods" classname="com.NaukriTestCases.TestCase1" time="0">
    <skipped/>
  </testcase>
  <testcase name="LogOut" classname="com.NaukriTestCases.TestCase1" time="0">
    <skipped/>
  </testcase>
  <testcase name="CaptureStatus" classname="com.NaukriTestCases.TestCase1" time="0">
    <skipped/>
  </testcase>
  <testcase name="teardown" classname="com.NaukriTestCases.TestCase1" time="0">
    <skipped/>
  </testcase>
  <testcase name="setUp" classname="com.NaukriTestCases.TestCase2" time="0">
    <skipped/>
  </testcase>
  <testcase name="registerthemethods" classname="com.NaukriTestCases.TestCase2" time="0">
    <skipped/>
  </testcase>
  <testcase name="VerifyProfile" classname="com.NaukriTestCases.TestCase2" time="0">
    <skipped/>
  </testcase>
  <testcase name="CaptureStatus" classname="com.NaukriTestCases.TestCase2" time="0">
    <skipped/>
  </testcase>
  <testcase name="registerthemethods" classname="com.NaukriTestCases.TestCase2" time="0">
    <skipped/>
  </testcase>
  <testcase name="UpdateDomine" classname="com.NaukriTestCases.TestCase2" time="0">
    <skipped/>
  </testcase>
  <testcase name="CaptureStatus" classname="com.NaukriTestCases.TestCase2" time="0">
    <skipped/>
  </testcase>
  <testcase name="registerthemethods" classname="com.NaukriTestCases.TestCase2" time="0">
    <skipped/>
  </testcase>
  <testcase name="AutoComplete" classname="com.NaukriTestCases.TestCase2" time="0">
    <skipped/>
  </testcase>
  <testcase name="CaptureStatus" classname="com.NaukriTestCases.TestCase2" time="0">
    <skipped/>
  </testcase>
  <testcase name="registerthemethods" classname="com.NaukriTestCases.TestCase2" time="0">
    <skipped/>
  </testcase>
  <testcase name="UploadCV" classname="com.NaukriTestCases.TestCase2" time="0">
    <skipped/>
  </testcase>
  <testcase name="CaptureStatus" classname="com.NaukriTestCases.TestCase2" time="0">
    <skipped/>
  </testcase>
  <testcase name="registerthemethods" classname="com.NaukriTestCases.TestCase2" time="0">
    <skipped/>
  </testcase>
  <testcase name="LogOut" classname="com.NaukriTestCases.TestCase2" time="0">
    <skipped/>
  </testcase>
  <testcase name="CaptureStatus" classname="com.NaukriTestCases.TestCase2" time="0">
    <skipped/>
  </testcase>
  <testcase name="teardown" classname="com.NaukriTestCases.TestCase2" time="0">
    <skipped/>
  </testcase>
  <testcase name="setUp" classname="com.NaukriTestCases.TestCase3" time="0">
    <skipped/>
  </testcase>
  <testcase name="registerthemethods" classname="com.NaukriTestCases.TestCase3" time="0">
    <skipped/>
  </testcase>
  <testcase name="VerifyProfile" classname="com.NaukriTestCases.TestCase3" time="0">
    <skipped/>
  </testcase>
  <testcase name="CaptureStatus" classname="com.NaukriTestCases.TestCase3" time="0">
    <skipped/>
  </testcase>
  <testcase name="registerthemethods" classname="com.NaukriTestCases.TestCase3" time="0">
    <skipped/>
  </testcase>
  <testcase name="UpdateDomine" classname="com.NaukriTestCases.TestCase3" time="0">
    <skipped/>
  </testcase>
  <testcase name="CaptureStatus" classname="com.NaukriTestCases.TestCase3" time="0">
    <skipped/>
  </testcase>
  <testcase name="registerthemethods" classname="com.NaukriTestCases.TestCase3" time="0">
    <skipped/>
  </testcase>
  <testcase name="AutoComplete" classname="com.NaukriTestCases.TestCase3" time="0">
    <skipped/>
  </testcase>
  <testcase name="CaptureStatus" classname="com.NaukriTestCases.TestCase3" time="0">
    <skipped/>
  </testcase>
  <testcase name="registerthemethods" classname="com.NaukriTestCases.TestCase3" time="0">
    <skipped/>
  </testcase>
  <testcase name="UploadCV" classname="com.NaukriTestCases.TestCase3" time="0">
    <skipped/>
  </testcase>
  <testcase name="CaptureStatus" classname="com.NaukriTestCases.TestCase3" time="0">
    <skipped/>
  </testcase>
  <testcase name="registerthemethods" classname="com.NaukriTestCases.TestCase3" time="0">
    <skipped/>
  </testcase>
  <testcase name="LogOut" classname="com.NaukriTestCases.TestCase3" time="0">
    <skipped/>
  </testcase>
  <testcase name="CaptureStatus" classname="com.NaukriTestCases.TestCase3" time="0">
    <skipped/>
  </testcase>
  <testcase name="teardown" classname="com.NaukriTestCases.TestCase3" time="0">
    <skipped/>
  </testcase>
  <testcase name="setUp" classname="com.NaukriTestCases.TestCase4" time="0">
    <skipped/>
  </testcase>
  <testcase name="registerthemethods" classname="com.NaukriTestCases.TestCase4" time="0">
    <skipped/>
  </testcase>
  <testcase name="VerifyProfile" classname="com.NaukriTestCases.TestCase4" time="0">
    <skipped/>
  </testcase>
  <testcase name="CaptureStatus" classname="com.NaukriTestCases.TestCase4" time="0">
    <skipped/>
  </testcase>
  <testcase name="registerthemethods" classname="com.NaukriTestCases.TestCase4" time="0">
    <skipped/>
  </testcase>
  <testcase name="UpdateDomine" classname="com.NaukriTestCases.TestCase4" time="0">
    <skipped/>
  </testcase>
  <testcase name="CaptureStatus" classname="com.NaukriTestCases.TestCase4" time="0">
    <skipped/>
  </testcase>
  <testcase name="registerthemethods" classname="com.NaukriTestCases.TestCase4" time="0">
    <skipped/>
  </testcase>
  <testcase name="AutoComplete" classname="com.NaukriTestCases.TestCase4" time="0">
    <skipped/>
  </testcase>
  <testcase name="CaptureStatus" classname="com.NaukriTestCases.TestCase4" time="0">
    <skipped/>
  </testcase>
  <testcase name="registerthemethods" classname="com.NaukriTestCases.TestCase4" time="0">
    <skipped/>
  </testcase>
  <testcase name="UploadCV" classname="com.NaukriTestCases.TestCase4" time="0">
    <skipped/>
  </testcase>
  <testcase name="CaptureStatus" classname="com.NaukriTestCases.TestCase4" time="0">
    <skipped/>
  </testcase>
  <testcase name="registerthemethods" classname="com.NaukriTestCases.TestCase4" time="0">
    <skipped/>
  </testcase>
  <testcase name="LogOut" classname="com.NaukriTestCases.TestCase4" time="0">
    <skipped/>
  </testcase>
  <testcase name="CaptureStatus" classname="com.NaukriTestCases.TestCase4" time="0">
    <skipped/>
  </testcase>
  <testcase name="teardown" classname="com.NaukriTestCases.TestCase4" time="0">
    <skipped/>
  </testcase>
  <testcase name="setUp" classname="com.NaukriTestCases.TestCase5" time="0">
    <skipped/>
  </testcase>
  <testcase name="registerthemethods" classname="com.NaukriTestCases.TestCase5" time="0">
    <skipped/>
  </testcase>
  <testcase name="VerifyProfile" classname="com.NaukriTestCases.TestCase5" time="0">
    <skipped/>
  </testcase>
  <testcase name="CaptureStatus" classname="com.NaukriTestCases.TestCase5" time="0">
    <skipped/>
  </testcase>
  <testcase name="registerthemethods" classname="com.NaukriTestCases.TestCase5" time="0">
    <skipped/>
  </testcase>
  <testcase name="UpdateDomine" classname="com.NaukriTestCases.TestCase5" time="0">
    <skipped/>
  </testcase>
  <testcase name="CaptureStatus" classname="com.NaukriTestCases.TestCase5" time="0">
    <skipped/>
  </testcase>
  <testcase name="registerthemethods" classname="com.NaukriTestCases.TestCase5" time="0">
    <skipped/>
  </testcase>
  <testcase name="AutoComplete" classname="com.NaukriTestCases.TestCase5" time="0">
    <skipped/>
  </testcase>
  <testcase name="CaptureStatus" classname="com.NaukriTestCases.TestCase5" time="0">
    <skipped/>
  </testcase>
  <testcase name="registerthemethods" classname="com.NaukriTestCases.TestCase5" time="0">
    <skipped/>
  </testcase>
  <testcase name="UploadCV" classname="com.NaukriTestCases.TestCase5" time="0">
    <skipped/>
  </testcase>
  <testcase name="CaptureStatus" classname="com.NaukriTestCases.TestCase5" time="0">
    <skipped/>
  </testcase>
  <testcase name="registerthemethods" classname="com.NaukriTestCases.TestCase5" time="0">
    <skipped/>
  </testcase>
  <testcase name="LogOut" classname="com.NaukriTestCases.TestCase5" time="0">
    <skipped/>
  </testcase>
  <testcase name="CaptureStatus" classname="com.NaukriTestCases.TestCase5" time="0">
    <skipped/>
  </testcase>
  <testcase name="teardown" classname="com.NaukriTestCases.TestCase5" time="0">
    <skipped/>
  </testcase>
  <testcase name="UnregisterAll" classname="com.NaukriTestCases.TestCase5" time="0">
    <skipped/>
  </testcase>
</testsuite>